<?xml version="1.0" encoding="UTF-8"?>
<!-- Generated by org.testng.reporters.JUnitReportReporter -->
<testsuite name="testcases.Logintest" tests="1" time="29.708" ignored="0" failures="0" timestamp="28 Feb 2020 09:56:12 GMT" skipped="0" hostname="D-113202355" errors="0">
  <testcase name="click_signin" time="29.708" classname="testcases.Logintest"/>
</testsuite> <!-- testcases.Logintest -->
