<?xml version="1.0" encoding="UTF-8"?>
<!-- Generated by org.testng.reporters.JUnitReportReporter -->
<testsuite hostname="WINCTRL-JL7G2CC" name="testcases.RegisterTest" tests="1" failures="0" timestamp="19 Mar 2020 07:45:06 GMT" time="23.721" errors="0">
  <testcase name="RegisterAccount" time="23.721" classname="testcases.RegisterTest"/>
</testsuite> <!-- testcases.RegisterTest -->
